2025-09-05 17:39:39,355 - 테스트 시스템 - INFO - _load_configuration:113 - 설정 로드 완료: 12 항목
2025-09-05 17:39:39,418 - 테스트 시스템 - INFO - _register_default_services:121 - 기본 서비스 등록 중...
2025-09-05 17:39:39,440 - 테스트 시스템 - INFO - initialize:55 - 시스템 초기화 완료: 테스트 시스템 v2.0.0
2025-09-05 17:39:39,461 - 테스트 시스템 - INFO - cleanup:60 - 시스템 정리 중...
2025-09-05 17:39:40,152 - 이메일 증거 처리 시스템 - INFO - _load_configuration:113 - 설정 로드 완료: 12 항목
2025-09-05 17:39:40,202 - 이메일 증거 처리 시스템 - INFO - _register_default_services:121 - 기본 서비스 등록 중...
2025-09-05 17:39:40,248 - 이메일 증거 처리 시스템 - INFO - initialize:55 - 시스템 초기화 완료: 이메일 증거 처리 시스템 v2.0.0
2025-09-05 17:39:40,559 - 이메일 증거 처리 시스템 - INFO - cleanup:60 - 시스템 정리 중...
2025-09-05 17:41:21,137 - 테스트 시스템 - INFO - _load_configuration:113 - 설정 로드 완료: 12 항목
2025-09-05 17:41:21,157 - 테스트 시스템 - INFO - _register_default_services:121 - 기본 서비스 등록 중...
2025-09-05 17:41:21,172 - 테스트 시스템 - INFO - initialize:55 - 시스템 초기화 완료: 테스트 시스템 v2.0.0
2025-09-05 17:41:21,188 - 테스트 시스템 - INFO - cleanup:60 - 시스템 정리 중...
2025-09-05 17:41:21,470 - 이메일 증거 처리 시스템 - INFO - _load_configuration:113 - 설정 로드 완료: 12 항목
2025-09-05 17:41:21,504 - 이메일 증거 처리 시스템 - INFO - _register_default_services:121 - 기본 서비스 등록 중...
2025-09-05 17:41:21,539 - 이메일 증거 처리 시스템 - INFO - initialize:55 - 시스템 초기화 완료: 이메일 증거 처리 시스템 v2.0.0
2025-09-05 17:41:21,719 - 이메일 증거 처리 시스템 - INFO - cleanup:60 - 시스템 정리 중...
2025-09-05 17:41:43,551 - 테스트 시스템 - INFO - _load_configuration:113 - 설정 로드 완료: 12 항목
2025-09-05 17:41:43,595 - 테스트 시스템 - INFO - _register_default_services:121 - 기본 서비스 등록 중...
2025-09-05 17:41:43,614 - 테스트 시스템 - INFO - initialize:55 - 시스템 초기화 완료: 테스트 시스템 v2.0.0
2025-09-05 17:41:43,632 - 테스트 시스템 - INFO - cleanup:60 - 시스템 정리 중...
2025-09-05 17:41:43,877 - 이메일 증거 처리 시스템 - INFO - _load_configuration:113 - 설정 로드 완료: 12 항목
2025-09-05 17:41:43,916 - 이메일 증거 처리 시스템 - INFO - _register_default_services:121 - 기본 서비스 등록 중...
2025-09-05 17:41:43,951 - 이메일 증거 처리 시스템 - INFO - initialize:55 - 시스템 초기화 완료: 이메일 증거 처리 시스템 v2.0.0
2025-09-05 17:41:44,136 - 이메일 증거 처리 시스템 - INFO - cleanup:60 - 시스템 정리 중...
