2025-09-03 13:31:27,436 - 이메일 증거 처리 시스템 - INFO - _load_configuration:93 - 설정 로드 완료: 12 항목
2025-09-03 13:31:35,419 - 이메일 증거 처리 시스템 - INFO - _load_configuration:93 - 설정 로드 완료: 12 항목
2025-09-03 13:35:56,522 - 테스트 시스템 - INFO - _load_configuration:107 - 설정 로드 완료: 12 항목
2025-09-03 13:35:56,528 - 테스트 시스템 - INFO - _register_default_services:115 - 기본 서비스 등록 중...
2025-09-03 13:35:56,530 - 테스트 시스템 - INFO - initialize:52 - 시스템 초기화 완료: 테스트 시스템 v2.0.0
2025-09-03 13:35:56,558 - 테스트 시스템 - INFO - cleanup:56 - 시스템 정리 중...
2025-09-03 13:35:58,943 - 이메일 증거 처리 시스템 - INFO - _load_configuration:107 - 설정 로드 완료: 12 항목
2025-09-03 13:35:58,944 - 이메일 증거 처리 시스템 - INFO - _register_default_services:115 - 기본 서비스 등록 중...
2025-09-03 13:35:58,945 - 이메일 증거 처리 시스템 - INFO - initialize:52 - 시스템 초기화 완료: 이메일 증거 처리 시스템 v2.0.0
2025-09-03 13:42:56,059 - 테스트 시스템 - INFO - _load_configuration:107 - 설정 로드 완료: 12 항목
2025-09-03 13:42:56,064 - 테스트 시스템 - INFO - _register_default_services:115 - 기본 서비스 등록 중...
2025-09-03 13:42:56,069 - 테스트 시스템 - INFO - initialize:52 - 시스템 초기화 완료: 테스트 시스템 v2.0.0
2025-09-03 13:42:56,075 - 테스트 시스템 - INFO - cleanup:56 - 시스템 정리 중...
2025-09-03 13:43:00,899 - 이메일 증거 처리 시스템 - INFO - _load_configuration:107 - 설정 로드 완료: 12 항목
2025-09-03 13:43:00,902 - 이메일 증거 처리 시스템 - INFO - _register_default_services:115 - 기본 서비스 등록 중...
2025-09-03 13:43:00,903 - 이메일 증거 처리 시스템 - INFO - initialize:52 - 시스템 초기화 완료: 이메일 증거 처리 시스템 v2.0.0
2025-09-03 13:44:13,525 - 테스트 시스템 - INFO - _load_configuration:107 - 설정 로드 완료: 12 항목
2025-09-03 13:44:13,527 - 테스트 시스템 - INFO - _register_default_services:115 - 기본 서비스 등록 중...
2025-09-03 13:44:13,528 - 테스트 시스템 - INFO - initialize:52 - 시스템 초기화 완료: 테스트 시스템 v2.0.0
2025-09-03 13:44:13,528 - 테스트 시스템 - INFO - cleanup:56 - 시스템 정리 중...
2025-09-03 13:44:15,419 - 이메일 증거 처리 시스템 - INFO - _load_configuration:107 - 설정 로드 완료: 12 항목
2025-09-03 13:44:15,422 - 이메일 증거 처리 시스템 - INFO - _register_default_services:115 - 기본 서비스 등록 중...
2025-09-03 13:44:15,423 - 이메일 증거 처리 시스템 - INFO - initialize:52 - 시스템 초기화 완료: 이메일 증거 처리 시스템 v2.0.0
2025-09-03 13:44:26,495 - 테스트 시스템 - INFO - _load_configuration:107 - 설정 로드 완료: 12 항목
2025-09-03 13:44:26,498 - 테스트 시스템 - INFO - _register_default_services:115 - 기본 서비스 등록 중...
2025-09-03 13:44:26,499 - 테스트 시스템 - INFO - initialize:52 - 시스템 초기화 완료: 테스트 시스템 v2.0.0
2025-09-03 13:44:26,499 - 테스트 시스템 - INFO - cleanup:56 - 시스템 정리 중...
2025-09-03 13:44:28,804 - 이메일 증거 처리 시스템 - INFO - _load_configuration:107 - 설정 로드 완료: 12 항목
2025-09-03 13:44:28,809 - 이메일 증거 처리 시스템 - INFO - _register_default_services:115 - 기본 서비스 등록 중...
2025-09-03 13:44:28,809 - 이메일 증거 처리 시스템 - INFO - initialize:52 - 시스템 초기화 완료: 이메일 증거 처리 시스템 v2.0.0
2025-09-03 13:44:36,249 - 테스트 시스템 - INFO - _load_configuration:107 - 설정 로드 완료: 12 항목
2025-09-03 13:44:36,253 - 테스트 시스템 - INFO - _register_default_services:115 - 기본 서비스 등록 중...
2025-09-03 13:44:36,254 - 테스트 시스템 - INFO - initialize:52 - 시스템 초기화 완료: 테스트 시스템 v2.0.0
2025-09-03 13:44:36,257 - 테스트 시스템 - INFO - cleanup:56 - 시스템 정리 중...
2025-09-03 13:44:39,288 - 이메일 증거 처리 시스템 - INFO - _load_configuration:107 - 설정 로드 완료: 12 항목
2025-09-03 13:44:39,291 - 이메일 증거 처리 시스템 - INFO - _register_default_services:115 - 기본 서비스 등록 중...
2025-09-03 13:44:39,291 - 이메일 증거 처리 시스템 - INFO - initialize:52 - 시스템 초기화 완료: 이메일 증거 처리 시스템 v2.0.0
2025-09-03 13:45:56,025 - 테스트 시스템 - INFO - _load_configuration:107 - 설정 로드 완료: 12 항목
2025-09-03 13:45:56,045 - 테스트 시스템 - INFO - _register_default_services:115 - 기본 서비스 등록 중...
2025-09-03 13:45:56,046 - 테스트 시스템 - INFO - initialize:52 - 시스템 초기화 완료: 테스트 시스템 v2.0.0
2025-09-03 13:45:56,067 - 테스트 시스템 - INFO - cleanup:56 - 시스템 정리 중...
2025-09-03 13:46:00,330 - 이메일 증거 처리 시스템 - INFO - _load_configuration:107 - 설정 로드 완료: 12 항목
2025-09-03 13:46:00,333 - 이메일 증거 처리 시스템 - INFO - _register_default_services:115 - 기본 서비스 등록 중...
2025-09-03 13:46:00,334 - 이메일 증거 처리 시스템 - INFO - initialize:52 - 시스템 초기화 완료: 이메일 증거 처리 시스템 v2.0.0
2025-09-03 13:46:00,350 - 이메일 증거 처리 시스템 - INFO - cleanup:56 - 시스템 정리 중...
2025-09-03 13:46:08,333 - 테스트 시스템 - INFO - _load_configuration:107 - 설정 로드 완료: 12 항목
2025-09-03 13:46:08,342 - 테스트 시스템 - INFO - _register_default_services:115 - 기본 서비스 등록 중...
2025-09-03 13:46:08,342 - 테스트 시스템 - INFO - initialize:52 - 시스템 초기화 완료: 테스트 시스템 v2.0.0
2025-09-03 13:46:08,343 - 테스트 시스템 - INFO - cleanup:56 - 시스템 정리 중...
2025-09-03 13:46:12,449 - 이메일 증거 처리 시스템 - INFO - _load_configuration:107 - 설정 로드 완료: 12 항목
2025-09-03 13:46:12,451 - 이메일 증거 처리 시스템 - INFO - _register_default_services:115 - 기본 서비스 등록 중...
2025-09-03 13:46:12,452 - 이메일 증거 처리 시스템 - INFO - initialize:52 - 시스템 초기화 완료: 이메일 증거 처리 시스템 v2.0.0
2025-09-03 13:46:12,467 - 이메일 증거 처리 시스템 - INFO - cleanup:56 - 시스템 정리 중...
2025-09-03 16:03:04,026 - 테스트 시스템 - INFO - _load_configuration:113 - 설정 로드 완료: 12 항목
2025-09-03 16:03:04,031 - 테스트 시스템 - INFO - _register_default_services:121 - 기본 서비스 등록 중...
2025-09-03 16:03:04,032 - 테스트 시스템 - INFO - initialize:55 - 시스템 초기화 완료: 테스트 시스템 v2.0.0
2025-09-03 16:03:04,033 - 테스트 시스템 - INFO - cleanup:60 - 시스템 정리 중...
2025-09-03 16:03:07,194 - 이메일 증거 처리 시스템 - INFO - _load_configuration:113 - 설정 로드 완료: 12 항목
2025-09-03 16:03:07,197 - 이메일 증거 처리 시스템 - INFO - _register_default_services:121 - 기본 서비스 등록 중...
2025-09-03 16:03:07,198 - 이메일 증거 처리 시스템 - INFO - initialize:55 - 시스템 초기화 완료: 이메일 증거 처리 시스템 v2.0.0
2025-09-03 16:03:07,223 - 이메일 증거 처리 시스템 - INFO - cleanup:60 - 시스템 정리 중...
2025-09-03 16:03:10,505 - 테스트 시스템 - INFO - _load_configuration:113 - 설정 로드 완료: 12 항목
2025-09-03 16:03:10,513 - 테스트 시스템 - INFO - _register_default_services:121 - 기본 서비스 등록 중...
2025-09-03 16:03:10,519 - 테스트 시스템 - INFO - initialize:55 - 시스템 초기화 완료: 테스트 시스템 v2.0.0
2025-09-03 16:03:10,520 - 테스트 시스템 - INFO - cleanup:60 - 시스템 정리 중...
2025-09-03 16:03:14,301 - 이메일 증거 처리 시스템 - INFO - _load_configuration:113 - 설정 로드 완료: 12 항목
2025-09-03 16:03:14,304 - 이메일 증거 처리 시스템 - INFO - _register_default_services:121 - 기본 서비스 등록 중...
2025-09-03 16:03:14,306 - 이메일 증거 처리 시스템 - INFO - initialize:55 - 시스템 초기화 완료: 이메일 증거 처리 시스템 v2.0.0
2025-09-03 16:03:14,364 - 이메일 증거 처리 시스템 - INFO - cleanup:60 - 시스템 정리 중...
2025-09-03 16:04:37,097 - 테스트 시스템 - INFO - _load_configuration:113 - 설정 로드 완료: 12 항목
2025-09-03 16:04:37,100 - 테스트 시스템 - INFO - _register_default_services:121 - 기본 서비스 등록 중...
2025-09-03 16:04:37,101 - 테스트 시스템 - INFO - initialize:55 - 시스템 초기화 완료: 테스트 시스템 v2.0.0
2025-09-03 16:04:37,101 - 테스트 시스템 - INFO - cleanup:60 - 시스템 정리 중...
2025-09-03 16:04:39,932 - 이메일 증거 처리 시스템 - INFO - _load_configuration:113 - 설정 로드 완료: 12 항목
2025-09-03 16:04:39,936 - 이메일 증거 처리 시스템 - INFO - _register_default_services:121 - 기본 서비스 등록 중...
2025-09-03 16:04:39,937 - 이메일 증거 처리 시스템 - INFO - initialize:55 - 시스템 초기화 완료: 이메일 증거 처리 시스템 v2.0.0
2025-09-03 16:04:39,966 - 이메일 증거 처리 시스템 - INFO - cleanup:60 - 시스템 정리 중...
